This file contains any messages produced by compilers while
running configure, to aid debugging if configure makes a mistake.

It was created by configure, which was
generated by GNU Autoconf 2.60 (OpenPKG-CURRENT).  Invocation command line was

  $ ./configure --prefix=/usr --with-shm=MMFILE

## --------- ##
## Platform. ##
## --------- ##

hostname = roadrunner.local
uname -m = x86_64
uname -r = 11.4.2
uname -s = Darwin
uname -v = Darwin Kernel Version 11.4.2: Thu Aug 23 16:25:48 PDT 2012; root:xnu-1699.32.7~1/RELEASE_X86_64

/usr/bin/uname -p = i386
/bin/uname -X     = unknown

/bin/arch              = unknown
/usr/bin/arch -k       = unknown
/usr/convex/getsysinfo = unknown
/usr/bin/hostinfo      = Mach kernel version:
	 Darwin Kernel Version 11.4.2: Thu Aug 23 16:25:48 PDT 2012; root:xnu-1699.32.7~1/RELEASE_X86_64
Kernel configured for up to 4 processors.
2 processors are physically available.
4 processors are logically available.
Processor type: i486 (Intel 80486)
Processors active: 0 1 2 3
Primary memory available: 4.00 gigabytes
Default processor set: 112 tasks, 496 threads, 4 processors
Load average: 0.60, Mach factor: 3.38
/bin/machine           = unknown
/usr/bin/oslevel       = unknown
/bin/universe          = unknown

PATH: /opt/local/bin
PATH: /opt/local/sbin
PATH: /usr/bin
PATH: /bin
PATH: /usr/sbin
PATH: /sbin
PATH: /usr/local/bin
PATH: /usr/X11/bin


## ----------- ##
## Core tests. ##
## ----------- ##

configure:1887: result: 
configure:1889: result: [1mBuild Tools:[m
configure:1940: checking for gcc
configure:1956: found /usr/bin/gcc
configure:1967: result: gcc
configure:2205: checking for C compiler version
configure:2212: gcc --version >&5
i686-apple-darwin11-llvm-gcc-4.2 (GCC) 4.2.1 (Based on Apple Inc. build 5658) (LLVM build 2336.1.00)
Copyright (C) 2007 Free Software Foundation, Inc.
This is free software; see the source for copying conditions.  There is NO
warranty; not even for MERCHANTABILITY or FITNESS FOR A PARTICULAR PURPOSE.

configure:2215: $? = 0
configure:2222: gcc -v >&5
Using built-in specs.
Target: i686-apple-darwin11
Configured with: /private/var/tmp/llvmgcc42/llvmgcc42-2336.1~22/src/configure --disable-checking --enable-werror --prefix=/Developer/usr/llvm-gcc-4.2 --mandir=/share/man --enable-languages=c,objc,c++,obj-c++ --program-prefix=llvm- --program-transform-name=/^[cg][^.-]*$/s/$/-4.2/ --with-slibdir=/usr/lib --build=i686-apple-darwin11 --enable-llvm=/private/var/tmp/llvmgcc42/llvmgcc42-2336.1~22/dst-llvmCore/Developer/usr/local --program-prefix=i686-apple-darwin11- --host=x86_64-apple-darwin11 --target=i686-apple-darwin11 --with-gxx-include-dir=/usr/include/c++/4.2.1
Thread model: posix
gcc version 4.2.1 (Based on Apple Inc. build 5658) (LLVM build 2336.1.00)
configure:2225: $? = 0
configure:2232: gcc -V >&5
llvm-gcc-4.2: argument to `-V' is missing
configure:2235: $? = 1
configure:2258: checking for C compiler default output file name
configure:2285: gcc    conftest.c  >&5
configure:2288: $? = 0
configure:2334: result: a.out
configure:2339: checking whether the C compiler works
configure:2349: ./a.out
configure:2352: $? = 0
configure:2369: result: yes
configure:2376: checking whether we are cross compiling
configure:2378: result: no
configure:2381: checking for suffix of executables
configure:2388: gcc -o conftest    conftest.c  >&5
configure:2391: $? = 0
configure:2415: result: 
configure:2421: checking for suffix of object files
configure:2447: gcc -c   conftest.c >&5
configure:2450: $? = 0
configure:2473: result: o
configure:2477: checking whether we are using the GNU C compiler
configure:2506: gcc -c   conftest.c >&5
configure:2512: $? = 0
configure:2519: test -z "$ac_c_werror_flag" || test ! -s conftest.err
configure:2522: $? = 0
configure:2529: test -s conftest.o
configure:2532: $? = 0
configure:2546: result: yes
configure:2551: checking whether gcc accepts -g
configure:2581: gcc -c -g  conftest.c >&5
configure:2587: $? = 0
configure:2594: test -z "$ac_c_werror_flag" || test ! -s conftest.err
configure:2597: $? = 0
configure:2604: test -s conftest.o
configure:2607: $? = 0
configure:2737: result: yes
configure:2754: checking for gcc option to accept ISO C89
configure:2828: gcc  -c -g -O2  conftest.c >&5
configure:2834: $? = 0
configure:2841: test -z "$ac_c_werror_flag" || test ! -s conftest.err
configure:2844: $? = 0
configure:2851: test -s conftest.o
configure:2854: $? = 0
configure:2874: result: none needed
configure:2897: checking how to run the C preprocessor
configure:2937: gcc -E  conftest.c
configure:2943: $? = 0
configure:2981: gcc -E  conftest.c
conftest.c:8:28: error: ac_nonexistent.h: No such file or directory
configure:2987: $? = 1
configure: failed program was:
| /* confdefs.h.  */
| #define PACKAGE_NAME ""
| #define PACKAGE_TARNAME ""
| #define PACKAGE_VERSION ""
| #define PACKAGE_STRING ""
| #define PACKAGE_BUGREPORT ""
| /* end confdefs.h.  */
| #include <ac_nonexistent.h>
configure:3027: result: gcc -E
configure:3056: gcc -E  conftest.c
configure:3062: $? = 0
configure:3100: gcc -E  conftest.c
conftest.c:8:28: error: ac_nonexistent.h: No such file or directory
configure:3106: $? = 1
configure: failed program was:
| /* confdefs.h.  */
| #define PACKAGE_NAME ""
| #define PACKAGE_TARNAME ""
| #define PACKAGE_VERSION ""
| #define PACKAGE_STRING ""
| #define PACKAGE_BUGREPORT ""
| /* end confdefs.h.  */
| #include <ac_nonexistent.h>
configure:3150: checking for compilation debug mode
configure:3187: result: disabled
configure:3190: checking whether make sets $(MAKE)
configure:3211: result: yes
configure:3796: checking build system type
configure:3814: result: i386-apple-darwin11.4.2
configure:3836: checking host system type
configure:3851: result: i386-apple-darwin11.4.2
configure:3873: checking for a sed that does not truncate output
configure:3927: result: /usr/bin/sed
configure:3930: checking for grep that handles long lines and -e
configure:4004: result: /usr/bin/grep
configure:4009: checking for egrep
configure:4087: result: /usr/bin/grep -E
configure:4103: checking for ld used by gcc
configure:4170: result: /usr/llvm-gcc-4.2/libexec/gcc/i686-apple-darwin11/4.2.1/ld
configure:4179: checking if the linker (/usr/llvm-gcc-4.2/libexec/gcc/i686-apple-darwin11/4.2.1/ld) is GNU ld
configure:4194: result: no
configure:4199: checking for /usr/llvm-gcc-4.2/libexec/gcc/i686-apple-darwin11/4.2.1/ld option to reload object files
configure:4206: result: -r
configure:4224: checking for BSD-compatible nm
configure:4273: result: /opt/local/bin/nm
configure:4277: checking whether ln -s works
configure:4281: result: yes
configure:4288: checking how to recognise dependent libraries
configure:4464: result: pass_all
configure:4710: checking for ANSI C header files
configure:4740: gcc -c -O2  conftest.c >&5
configure:4746: $? = 0
configure:4753: test -z "$ac_c_werror_flag" || test ! -s conftest.err
configure:4756: $? = 0
configure:4763: test -s conftest.o
configure:4766: $? = 0
configure:4862: gcc -o conftest -O2   conftest.c  >&5
configure:4865: $? = 0
configure:4871: ./conftest
configure:4874: $? = 0
configure:4891: result: yes
configure:4915: checking for sys/types.h
configure:4936: gcc -c -O2  conftest.c >&5
configure:4942: $? = 0
configure:4949: test -z "$ac_c_werror_flag" || test ! -s conftest.err
configure:4952: $? = 0
configure:4959: test -s conftest.o
configure:4962: $? = 0
configure:4975: result: yes
configure:4915: checking for sys/stat.h
configure:4936: gcc -c -O2  conftest.c >&5
configure:4942: $? = 0
configure:4949: test -z "$ac_c_werror_flag" || test ! -s conftest.err
configure:4952: $? = 0
configure:4959: test -s conftest.o
configure:4962: $? = 0
configure:4975: result: yes
configure:4915: checking for stdlib.h
configure:4936: gcc -c -O2  conftest.c >&5
configure:4942: $? = 0
configure:4949: test -z "$ac_c_werror_flag" || test ! -s conftest.err
configure:4952: $? = 0
configure:4959: test -s conftest.o
configure:4962: $? = 0
configure:4975: result: yes
configure:4915: checking for string.h
configure:4936: gcc -c -O2  conftest.c >&5
configure:4942: $? = 0
configure:4949: test -z "$ac_c_werror_flag" || test ! -s conftest.err
configure:4952: $? = 0
configure:4959: test -s conftest.o
configure:4962: $? = 0
configure:4975: result: yes
configure:4915: checking for memory.h
configure:4936: gcc -c -O2  conftest.c >&5
configure:4942: $? = 0
configure:4949: test -z "$ac_c_werror_flag" || test ! -s conftest.err
configure:4952: $? = 0
configure:4959: test -s conftest.o
configure:4962: $? = 0
configure:4975: result: yes
configure:4915: checking for strings.h
configure:4936: gcc -c -O2  conftest.c >&5
configure:4942: $? = 0
configure:4949: test -z "$ac_c_werror_flag" || test ! -s conftest.err
configure:4952: $? = 0
configure:4959: test -s conftest.o
configure:4962: $? = 0
configure:4975: result: yes
configure:4915: checking for inttypes.h
configure:4936: gcc -c -O2  conftest.c >&5
configure:4942: $? = 0
configure:4949: test -z "$ac_c_werror_flag" || test ! -s conftest.err
configure:4952: $? = 0
configure:4959: test -s conftest.o
configure:4962: $? = 0
configure:4975: result: yes
configure:4915: checking for stdint.h
configure:4936: gcc -c -O2  conftest.c >&5
configure:4942: $? = 0
configure:4949: test -z "$ac_c_werror_flag" || test ! -s conftest.err
configure:4952: $? = 0
configure:4959: test -s conftest.o
configure:4962: $? = 0
configure:4975: result: yes
configure:4915: checking for unistd.h
configure:4936: gcc -c -O2  conftest.c >&5
configure:4942: $? = 0
configure:4949: test -z "$ac_c_werror_flag" || test ! -s conftest.err
configure:4952: $? = 0
configure:4959: test -s conftest.o
configure:4962: $? = 0
configure:4975: result: yes
configure:5002: checking dlfcn.h usability
configure:5019: gcc -c -O2  conftest.c >&5
configure:5025: $? = 0
configure:5032: test -z "$ac_c_werror_flag" || test ! -s conftest.err
configure:5035: $? = 0
configure:5042: test -s conftest.o
configure:5045: $? = 0
configure:5056: result: yes
configure:5060: checking dlfcn.h presence
configure:5075: gcc -E  conftest.c
configure:5081: $? = 0
configure:5102: result: yes
configure:5130: checking for dlfcn.h
configure:5138: result: yes
configure:5209: checking for g++
configure:5225: found /usr/bin/g++
configure:5236: result: g++
configure:5267: checking for C++ compiler version
configure:5274: g++ --version >&5
i686-apple-darwin11-llvm-g++-4.2 (GCC) 4.2.1 (Based on Apple Inc. build 5658) (LLVM build 2336.1.00)
Copyright (C) 2007 Free Software Foundation, Inc.
This is free software; see the source for copying conditions.  There is NO
warranty; not even for MERCHANTABILITY or FITNESS FOR A PARTICULAR PURPOSE.

configure:5277: $? = 0
configure:5284: g++ -v >&5
Using built-in specs.
Target: i686-apple-darwin11
Configured with: /private/var/tmp/llvmgcc42/llvmgcc42-2336.1~22/src/configure --disable-checking --enable-werror --prefix=/Developer/usr/llvm-gcc-4.2 --mandir=/share/man --enable-languages=c,objc,c++,obj-c++ --program-prefix=llvm- --program-transform-name=/^[cg][^.-]*$/s/$/-4.2/ --with-slibdir=/usr/lib --build=i686-apple-darwin11 --enable-llvm=/private/var/tmp/llvmgcc42/llvmgcc42-2336.1~22/dst-llvmCore/Developer/usr/local --program-prefix=i686-apple-darwin11- --host=x86_64-apple-darwin11 --target=i686-apple-darwin11 --with-gxx-include-dir=/usr/include/c++/4.2.1
Thread model: posix
gcc version 4.2.1 (Based on Apple Inc. build 5658) (LLVM build 2336.1.00)
configure:5287: $? = 0
configure:5294: g++ -V >&5
llvm-g++-4.2: argument to `-V' is missing
configure:5297: $? = 1
configure:5300: checking whether we are using the GNU C++ compiler
configure:5329: g++ -c   conftest.cpp >&5
configure:5335: $? = 0
configure:5342: test -z "$ac_cxx_werror_flag" || test ! -s conftest.err
configure:5345: $? = 0
configure:5352: test -s conftest.o
configure:5355: $? = 0
configure:5369: result: yes
configure:5374: checking whether g++ accepts -g
configure:5404: g++ -c -g  conftest.cpp >&5
configure:5410: $? = 0
configure:5417: test -z "$ac_cxx_werror_flag" || test ! -s conftest.err
configure:5420: $? = 0
configure:5427: test -s conftest.o
configure:5430: $? = 0
configure:5560: result: yes
configure:5593: checking how to run the C++ preprocessor
configure:5629: g++ -E  conftest.cpp
configure:5635: $? = 0
configure:5673: g++ -E  conftest.cpp
conftest.cpp:19:28: error: ac_nonexistent.h: No such file or directory
configure:5679: $? = 1
configure: failed program was:
| /* confdefs.h.  */
| #define PACKAGE_NAME ""
| #define PACKAGE_TARNAME ""
| #define PACKAGE_VERSION ""
| #define PACKAGE_STRING ""
| #define PACKAGE_BUGREPORT ""
| #define STDC_HEADERS 1
| #define HAVE_SYS_TYPES_H 1
| #define HAVE_SYS_STAT_H 1
| #define HAVE_STDLIB_H 1
| #define HAVE_STRING_H 1
| #define HAVE_MEMORY_H 1
| #define HAVE_STRINGS_H 1
| #define HAVE_INTTYPES_H 1
| #define HAVE_STDINT_H 1
| #define HAVE_UNISTD_H 1
| #define HAVE_DLFCN_H 1
| /* end confdefs.h.  */
| #include <ac_nonexistent.h>
configure:5719: result: g++ -E
configure:5748: g++ -E  conftest.cpp
configure:5754: $? = 0
configure:5792: g++ -E  conftest.cpp
conftest.cpp:19:28: error: ac_nonexistent.h: No such file or directory
configure:5798: $? = 1
configure: failed program was:
| /* confdefs.h.  */
| #define PACKAGE_NAME ""
| #define PACKAGE_TARNAME ""
| #define PACKAGE_VERSION ""
| #define PACKAGE_STRING ""
| #define PACKAGE_BUGREPORT ""
| #define STDC_HEADERS 1
| #define HAVE_SYS_TYPES_H 1
| #define HAVE_SYS_STAT_H 1
| #define HAVE_STDLIB_H 1
| #define HAVE_STRING_H 1
| #define HAVE_MEMORY_H 1
| #define HAVE_STRINGS_H 1
| #define HAVE_INTTYPES_H 1
| #define HAVE_STDINT_H 1
| #define HAVE_UNISTD_H 1
| #define HAVE_DLFCN_H 1
| /* end confdefs.h.  */
| #include <ac_nonexistent.h>
configure:5898: checking for g77
configure:5928: result: no
configure:5898: checking for f77
configure:5928: result: no
configure:5898: checking for xlf
configure:5928: result: no
configure:5898: checking for frt
configure:5928: result: no
configure:5898: checking for pgf77
configure:5928: result: no
configure:5898: checking for cf77
configure:5928: result: no
configure:5898: checking for fort77
configure:5928: result: no
configure:5898: checking for fl32
configure:5928: result: no
configure:5898: checking for af77
configure:5928: result: no
configure:5898: checking for f90
configure:5928: result: no
configure:5898: checking for xlf90
configure:5928: result: no
configure:5898: checking for pgf90
configure:5928: result: no
configure:5898: checking for pghpf
configure:5928: result: no
configure:5898: checking for epcf90
configure:5928: result: no
configure:5898: checking for gfortran
configure:5928: result: no
configure:5898: checking for g95
configure:5928: result: no
configure:5898: checking for f95
configure:5928: result: no
configure:5898: checking for fort
configure:5928: result: no
configure:5898: checking for xlf95
configure:5928: result: no
configure:5898: checking for ifort
configure:5928: result: no
configure:5898: checking for ifc
configure:5928: result: no
configure:5898: checking for efc
configure:5928: result: no
configure:5898: checking for pgf95
configure:5928: result: no
configure:5898: checking for lf95
configure:5928: result: no
configure:5898: checking for ftn
configure:5928: result: no
configure:5955: checking for Fortran 77 compiler version
configure:5962:  --version >&5
./configure: line 5963: --version: command not found
configure:5965: $? = 127
configure:5972:  -v >&5
./configure: line 5973: -v: command not found
configure:5975: $? = 127
configure:5982:  -V >&5
./configure: line 5983: -V: command not found
configure:5985: $? = 127
configure:5993: checking whether we are using the GNU Fortran 77 compiler
configure:6012:  -c  conftest.F >&5
./configure: line 6013: -c: command not found
configure:6018: $? = 127
configure: failed program was:
|       program main
| #ifndef __GNUC__
|        choke me
| #endif
| 
|       end
configure:6052: result: no
configure:6058: checking whether  accepts -g
configure:6075:  -c -g conftest.f >&5
./configure: line 6076: -c: command not found
configure:6081: $? = 127
configure: failed program was:
|       program main
| 
|       end
configure:6114: result: no
configure:6144: checking the maximum length of command line arguments
configure:6253: result: 196608
configure:6264: checking command to parse /opt/local/bin/nm output from gcc object
configure:6369: gcc -c -O2  conftest.c >&5
configure:6372: $? = 0
configure:6376: /opt/local/bin/nm conftest.o \| sed -n -e 's/^.*[ 	]\([BCDEGRST][BCDEGRST]*\)[ 	][ 	]*\([_A-Za-z][_A-Za-z0-9]*\)$/\1 \2 \2/p' \> conftest.nm
configure:6379: $? = 0
cannot find nm_test_var in conftest.nm
configure:6369: gcc -c -O2  conftest.c >&5
configure:6372: $? = 0
configure:6376: /opt/local/bin/nm conftest.o \| sed -n -e 's/^.*[ 	]\([BCDEGRST][BCDEGRST]*\)[ 	][ 	]*_\([_A-Za-z][_A-Za-z0-9]*\)$/\1 _\2 \2/p' \> conftest.nm
configure:6379: $? = 0
configure:6431: gcc -o conftest -O2   conftest.c conftstm.o >&5
configure:6434: $? = 0
configure:6472: result: ok
configure:6476: checking for objdir
configure:6491: result: .libs
configure:6583: checking for ar
configure:6599: found /opt/local/bin/ar
configure:6610: result: ar
configure:6679: checking for ranlib
configure:6695: found /opt/local/bin/ranlib
configure:6706: result: ranlib
configure:6775: checking for strip
configure:6791: found /opt/local/bin/strip
configure:6802: result: strip
configure:7092: checking if gcc supports -fno-rtti -fno-exceptions
configure:7110: gcc -c -O2  -fno-rtti -fno-exceptions conftest.c >&5
cc1: warning: command line option "-fno-rtti" is valid for C++/ObjC++ but not for C
configure:7114: $? = 0
configure:7127: result: no
configure:7142: checking for gcc option to produce PIC
configure:7352: result: -fno-common
configure:7360: checking if gcc PIC flag -fno-common works
configure:7378: gcc -c -O2  -fno-common -DPIC conftest.c >&5
configure:7382: $? = 0
configure:7395: result: yes
configure:7423: checking if gcc static flag -static works
configure:7451: result: no
configure:7461: checking if gcc supports -c -o file.o
configure:7482: gcc -c -O2  -o out/conftest2.o conftest.c >&5
configure:7486: $? = 0
configure:7508: result: yes
configure:7534: checking whether the gcc linker (/usr/llvm-gcc-4.2/libexec/gcc/i686-apple-darwin11/4.2.1/ld) supports shared libraries
configure:8520: result: yes
configure:8587: checking dynamic linker characteristics
configure:9175: result: darwin11.4.2 dyld
configure:9184: checking how to hardcode library paths into programs
configure:9209: result: immediate
configure:9223: checking whether stripping libraries is possible
configure:9236: result: yes
configure:10141: checking if libtool supports shared libraries
configure:10143: result: yes
configure:10146: checking whether to build shared libraries
configure:10167: result: yes
configure:10170: checking whether to build static libraries
configure:10174: result: yes
configure:10266: creating libtool
configure:10854: checking for ld used by g++
configure:10921: result: /usr/llvm-gcc-4.2/libexec/gcc/i686-apple-darwin11/4.2.1/ld
configure:10930: checking if the linker (/usr/llvm-gcc-4.2/libexec/gcc/i686-apple-darwin11/4.2.1/ld) is GNU ld
configure:10945: result: no
configure:10996: checking whether the g++ linker (/usr/llvm-gcc-4.2/libexec/gcc/i686-apple-darwin11/4.2.1/ld) supports shared libraries
configure:11962: result: yes
configure:11984: g++ -c -g -O2  conftest.cpp >&5

## ---------------- ##
## Cache variables. ##
## ---------------- ##

ac_cv_build=i386-apple-darwin11.4.2
ac_cv_c_compiler_gnu=yes
ac_cv_cxx_compiler_gnu=yes
ac_cv_env_CCC_set=
ac_cv_env_CCC_value=
ac_cv_env_CC_set=
ac_cv_env_CC_value=
ac_cv_env_CFLAGS_set=
ac_cv_env_CFLAGS_value=
ac_cv_env_CPPFLAGS_set=
ac_cv_env_CPPFLAGS_value=
ac_cv_env_CPP_set=
ac_cv_env_CPP_value=
ac_cv_env_CXXCPP_set=
ac_cv_env_CXXCPP_value=
ac_cv_env_CXXFLAGS_set=
ac_cv_env_CXXFLAGS_value=
ac_cv_env_CXX_set=
ac_cv_env_CXX_value=
ac_cv_env_F77_set=
ac_cv_env_F77_value=
ac_cv_env_FFLAGS_set=
ac_cv_env_FFLAGS_value=
ac_cv_env_LDFLAGS_set=
ac_cv_env_LDFLAGS_value=
ac_cv_env_build_alias_set=
ac_cv_env_build_alias_value=
ac_cv_env_host_alias_set=
ac_cv_env_host_alias_value=
ac_cv_env_target_alias_set=
ac_cv_env_target_alias_value=
ac_cv_f77_compiler_gnu=no
ac_cv_header_dlfcn_h=yes
ac_cv_header_inttypes_h=yes
ac_cv_header_memory_h=yes
ac_cv_header_stdc=yes
ac_cv_header_stdint_h=yes
ac_cv_header_stdlib_h=yes
ac_cv_header_string_h=yes
ac_cv_header_strings_h=yes
ac_cv_header_sys_stat_h=yes
ac_cv_header_sys_types_h=yes
ac_cv_header_unistd_h=yes
ac_cv_host=i386-apple-darwin11.4.2
ac_cv_objext=o
ac_cv_path_EGREP='/usr/bin/grep -E'
ac_cv_path_GREP=/usr/bin/grep
ac_cv_prog_CPP='gcc -E'
ac_cv_prog_CXXCPP='g++ -E'
ac_cv_prog_ac_ct_AR=ar
ac_cv_prog_ac_ct_CC=gcc
ac_cv_prog_ac_ct_CXX=g++
ac_cv_prog_ac_ct_RANLIB=ranlib
ac_cv_prog_ac_ct_STRIP=strip
ac_cv_prog_cc_c89=
ac_cv_prog_cc_g=yes
ac_cv_prog_cxx_g=yes
ac_cv_prog_f77_g=no
ac_cv_prog_make_make_set=yes
lt_cv_deplibs_check_method=pass_all
lt_cv_file_magic_cmd='$MAGIC_CMD'
lt_cv_file_magic_test_file=
lt_cv_ld_reload_flag=-r
lt_cv_objdir=.libs
lt_cv_path_LD=/usr/llvm-gcc-4.2/libexec/gcc/i686-apple-darwin11/4.2.1/ld
lt_cv_path_NM=/opt/local/bin/nm
lt_cv_path_SED=/usr/bin/sed
lt_cv_prog_compiler_c_o=yes
lt_cv_prog_compiler_rtti_exceptions=no
lt_cv_prog_gnu_ld=no
lt_cv_sys_global_symbol_pipe='sed -n -e '\''s/^.*[ 	]\([BCDEGRST][BCDEGRST]*\)[ 	][ 	]*_\([_A-Za-z][_A-Za-z0-9]*\)$/\1 _\2 \2/p'\'''
lt_cv_sys_global_symbol_to_c_name_address='sed -n -e '\''s/^: \([^ ]*\) $/  {\"\1\", (lt_ptr) 0},/p'\'' -e '\''s/^[BCDEGRST] \([^ ]*\) \([^ ]*\)$/  {"\2", (lt_ptr) \&\2},/p'\'''
lt_cv_sys_global_symbol_to_cdecl='sed -n -e '\''s/^. .* \(.*\)$/extern int \1;/p'\'''
lt_cv_sys_max_cmd_len=196608
lt_lt_cv_prog_compiler_c_o='"yes"'
lt_lt_cv_sys_global_symbol_pipe='"sed -n -e '\''s/^.*[ 	]\\([BCDEGRST][BCDEGRST]*\\)[ 	][ 	]*_\\([_A-Za-z][_A-Za-z0-9]*\\)\$/\\1 _\\2 \\2/p'\''"'
lt_lt_cv_sys_global_symbol_to_c_name_address='"sed -n -e '\''s/^: \\([^ ]*\\) \$/  {\\\"\\1\\\", (lt_ptr) 0},/p'\'' -e '\''s/^[BCDEGRST] \\([^ ]*\\) \\([^ ]*\\)\$/  {\"\\2\", (lt_ptr) \\&\\2},/p'\''"'
lt_lt_cv_sys_global_symbol_to_cdecl='"sed -n -e '\''s/^. .* \\(.*\\)\$/extern int \\1;/p'\''"'

## ----------------- ##
## Output variables. ##
## ----------------- ##

AR='ar'
CC='g++'
CFLAGS='-O2'
CPP='gcc -E'
CPPFLAGS=''
CXX='g++'
CXXCPP='g++ -E'
CXXFLAGS='-g -O2'
DEFS=''
ECHO='/bin/echo'
ECHO_C='ECHO_N=''
ECHO_T=''
EGREP='/usr/bin/grep -E'
EXEEXT=''
F77=''
FFLAGS=''
GREP='/usr/bin/grep'
LDFLAGS=''
LIBOBJS=''
LIBS=''
LIBTOOL=''
LN_S='ln -s'
LTLIBOBJS=''
MM_VERSION_STR='1.4.2 (15-Aug-2006)'
OBJEXT='o'
PACKAGE_BUGREPORT=''
PACKAGE_NAME=''
PACKAGE_STRING=''
PACKAGE_TARNAME=''
PACKAGE_VERSION=''
PATH_SEPARATOR=':'
RANLIB='ranlib'
SET_MAKE=''
SHELL='/bin/sh'
SHTOOL='$(TOP)/shtool'
STRIP='strip'
ac_ct_CC='gcc'
ac_ct_CXX='g++'
ac_ct_F77=''
bindir='${exec_prefix}/bin'
build='i386-apple-darwin11.4.2'
build_alias=''
build_cpu='i386'
build_os='darwin11.4.2'
build_vendor='apple'
datadir='${datarootdir}'
datarootdir='${prefix}/share'
docdir='${datarootdir}/doc/${PACKAGE}'
dvidir='${docdir}'
exec_prefix='NONE'
host='i386-apple-darwin11.4.2'
host_alias=''
host_cpu='i386'
host_os='darwin11.4.2'
host_vendor='apple'
htmldir='${docdir}'
includedir='${prefix}/include'
infodir='${datarootdir}/info'
libdir='${exec_prefix}/lib'
libexecdir='${exec_prefix}/libexec'
localedir='${datarootdir}/locale'
localstatedir='${prefix}/var'
mandir='${datarootdir}/man'
oldincludedir='/usr/include'
pdfdir='${docdir}'
prefix='/usr'
program_transform_name='s,x,x,'
psdir='${docdir}'
sbindir='${exec_prefix}/sbin'
sharedstatedir='${prefix}/com'
sysconfdir='${prefix}/etc'
target_alias=''

## ----------- ##
## confdefs.h. ##
## ----------- ##

#define PACKAGE_NAME ""
#define PACKAGE_TARNAME ""
#define PACKAGE_VERSION ""
#define PACKAGE_STRING ""
#define PACKAGE_BUGREPORT ""
#define STDC_HEADERS 1
#define HAVE_SYS_TYPES_H 1
#define HAVE_SYS_STAT_H 1
#define HAVE_STDLIB_H 1
#define HAVE_STRING_H 1
#define HAVE_MEMORY_H 1
#define HAVE_STRINGS_H 1
#define HAVE_INTTYPES_H 1
#define HAVE_STDINT_H 1
#define HAVE_UNISTD_H 1
#define HAVE_DLFCN_H 1

configure: exit 1
